app/proguard-rules.pro
# Add project specific ProGuard rules here.
-keep class com.zhuogui.firewall.data.entity.** { *; }
-keep class com.zhuogui.firewall.vpn.** { *; }