app/build/outputs/mapping/release/seeds.txt
com.zhuogui.firewall.vpn.PacketHandler$PacketInfo
com.zhuogui.firewall.data.entity.ConnectionLog
com.zhuogui.firewall.ZhuoguiApp
com.zhuogui.firewall.MainActivity
com.zhuogui.firewall.data.entity.FirewallRule
com.zhuogui.firewall.vpn.SocketForwarder$UdpSession
com.zhuogui.firewall.data.AppDatabase_Impl
com.zhuogui.firewall.ui.appdetail.AppDetailFragment
com.zhuogui.firewall.vpn.proxy.Socks5Proxy$ProxyConfig
com.zhuogui.firewall.data.AppDatabase
com.zhuogui.firewall.vpn.proxy.Socks5Proxy
com.zhuogui.firewall.vpn.SocketForwarder$UdpSession$start$1
com.zhuogui.firewall.ui.apps.AppListFragment
com.zhuogui.firewall.vpn.ConnectionManager
com.zhuogui.firewall.vpn.SocketForwarder$Companion
com.zhuogui.firewall.vpn.PacketHandler$parsePacket$srcIpStr$1
com.zhuogui.firewall.vpn.SocketForwarder
com.zhuogui.firewall.vpn.SocketForwarder$TcpSession$connectRemote$1
com.zhuogui.firewall.service.FirewallVpnService
com.zhuogui.firewall.vpn.PacketHandler
com.zhuogui.firewall.data.entity.AppInfo
com.zhuogui.firewall.vpn.PacketHandler$parsePacket$dstIpStr$1
com.zhuogui.firewall.vpn.SocketForwarder$TcpSession
com.zhuogui.firewall.vpn.PacketHandler$parsePacket$srcIpStr$1: com.zhuogui.firewall.vpn.PacketHandler$parsePacket$srcIpStr$1 INSTANCE
com.zhuogui.firewall.vpn.SocketForwarder$TcpSession: java.lang.String srcIp
com.zhuogui.firewall.data.entity.AppInfo: java.lang.Boolean wifiAllowed
com.zhuogui.firewall.vpn.proxy.Socks5Proxy: int METHOD_NO_AUTH
com.zhuogui.firewall.vpn.SocketForwarder$TcpSession: java.lang.String key
com.zhuogui.firewall.data.entity.FirewallRule: boolean blocked
com.zhuogui.firewall.vpn.proxy.Socks5Proxy: int ATYP_DOMAIN
com.zhuogui.firewall.vpn.PacketHandler$PacketInfo: int tcpFlags
com.zhuogui.firewall.vpn.SocketForwarder$UdpSession: java.lang.String dstIp
com.zhuogui.firewall.vpn.SocketForwarder$UdpSession: java.lang.String srcIp
com.zhuogui.firewall.vpn.proxy.Socks5Proxy$ProxyConfig: boolean enabled
com.zhuogui.firewall.vpn.SocketForwarder$TcpSession: kotlin.jvm.functions.Function1 tunWrite
com.zhuogui.firewall.vpn.SocketForwarder$UdpSession: int dstPort
com.zhuogui.firewall.data.entity.ConnectionLog: int destPort
com.zhuogui.firewall.vpn.PacketHandler$PacketInfo: long tcpAck
com.zhuogui.firewall.vpn.SocketForwarder$UdpSession: java.lang.String key
com.zhuogui.firewall.data.entity.FirewallRule: java.lang.String target
com.zhuogui.firewall.vpn.PacketHandler$parsePacket$dstIpStr$1: com.zhuogui.firewall.vpn.PacketHandler$parsePacket$dstIpStr$1 INSTANCE
com.zhuogui.firewall.vpn.PacketHandler$PacketInfo: long tcpSeq
com.zhuogui.firewall.vpn.SocketForwarder: kotlin.jvm.functions.Function1 protectDatagramSocket
com.zhuogui.firewall.data.entity.ConnectionLog: boolean blocked
com.zhuogui.firewall.data.entity.FirewallRule: java.lang.String type
com.zhuogui.firewall.data.entity.FirewallRule: long id
com.zhuogui.firewall.data.entity.AppInfo: java.lang.Boolean mobileAllowed
com.zhuogui.firewall.vpn.proxy.Socks5Proxy: int SOCKS5_VERSION
com.zhuogui.firewall.vpn.proxy.Socks5Proxy: int CMD_CONNECT
com.zhuogui.firewall.vpn.PacketHandler: com.zhuogui.firewall.vpn.PacketHandler INSTANCE
com.zhuogui.firewall.vpn.proxy.Socks5Proxy: int ATYP_IPV4
com.zhuogui.firewall.vpn.PacketHandler$PacketInfo: int srcPort
com.zhuogui.firewall.vpn.ConnectionManager: java.util.concurrent.ConcurrentHashMap uidCache
com.zhuogui.firewall.vpn.SocketForwarder$TcpSession: java.net.Socket remoteSocket
com.zhuogui.firewall.vpn.SocketForwarder: java.util.concurrent.ConcurrentHashMap udpSessions
com.zhuogui.firewall.vpn.SocketForwarder: com.zhuogui.firewall.vpn.proxy.Socks5Proxy$ProxyConfig proxyConfig
com.zhuogui.firewall.vpn.SocketForwarder$TcpSession: long clientSeq
com.zhuogui.firewall.data.entity.FirewallRule: long createdAt
com.zhuogui.firewall.vpn.SocketForwarder$TcpSession: int srcPort
com.zhuogui.firewall.data.entity.ConnectionLog: java.lang.String protocol
...
kotlinx.coroutines.scheduling.WorkQueue: int producerIndex
androidx.concurrent.futures.AbstractResolvableFuture: androidx.concurrent.futures.AbstractResolvableFuture$Listener listeners
kotlinx.coroutines.flow.StateFlowSlot: java.lang.Object _state
androidx.fragment.app.BackStackRecordState: android.os.Parcelable$Creator CREATOR
androidx.fragment.app.FragmentState: android.os.Parcelable$Creator CREATOR
kotlinx.coroutines.scheduling.CoroutineScheduler: int _isTerminated
kotlinx.coroutines.JobSupport$Finishing: java.lang.Object _rootCause
kotlinx.coroutines.JobSupport: java.lang.Object _parentHandle
androidx.lifecycle.Lifecycle$Event: androidx.lifecycle.Lifecycle$Event ON_PAUSE
kotlinx.coroutines.channels.BufferedChannel: java.lang.Object sendSegment
androidx.fragment.app.FragmentManagerState: android.os.Parcelable$Creator CREATOR
com.google.android.material.datepicker.DateValidatorPointForward: android.os.Parcelable$Creator CREATOR
androidx.lifecycle.Lifecycle$Event: androidx.lifecycle.Lifecycle$Event ON_STOP
androidx.core.widget.NestedScrollView$SavedState: android.os.Parcelable$Creator CREATOR
kotlinx.coroutines.InvokeOnCancelling: int _invoked
kotlinx.coroutines.internal.LockFreeTaskQueueCore: long _state
kotlinx.coroutines.EventLoopImplBase: java.lang.Object _delayed
androidx.concurrent.futures.AbstractResolvableFuture$Waiter: java.lang.Thread thread
androidx.transition.ChangeBounds$7: androidx.transition.ChangeBounds$ViewBounds mViewBounds
androidx.concurrent.futures.AbstractResolvableFuture: java.lang.Object value
com.google.android.material.checkbox.MaterialCheckBox$SavedState: android.os.Parcelable$Creator CREATOR
com.google.android.material.stateful.ExtendableSavedState: android.os.Parcelable$Creator CREATOR
androidx.swiperefreshlayout.widget.SwipeRefreshLayout$SavedState: android.os.Parcelable$Creator CREATOR
kotlinx.coroutines.CancellableContinuationImpl: int _decisionAndIndex
kotlinx.coroutines.internal.ResizableAtomicArray: java.util.concurrent.atomic.AtomicReferenceArray array
kotlinx.coroutines.internal.ConcurrentLinkedListNode: java.lang.Object _next
androidx.appcompat.widget.AppCompatSpinner$SavedState: android.os.Parcelable$Creator CREATOR
kotlinx.coroutines.channels.BufferedChannel: long bufferEnd
androidx.versionedparcelable.ParcelImpl: android.os.Parcelable$Creator CREATOR
kotlinx.coroutines.CompletedExceptionally: int _handled
androidx.recyclerview.widget.StaggeredGridLayoutManager$SavedState: android.os.Parcelable$Creator CREATOR
kotlinx.coroutines.DispatchedCoroutine: int _decision
androidx.recyclerview.widget.RecyclerView$SavedState: android.os.Parcelable$Creator CREATOR
androidx.lifecycle.Lifecycle$Event: androidx.lifecycle.Lifecycle$Event ON_DESTROY
kotlinx.coroutines.channels.BufferedChannel: long sendersAndCloseStatus
kotlinx.coroutines.CancellableContinuationImpl: java.lang.Object _state
kotlinx.coroutines.JobSupport$Finishing: java.lang.Object _exceptionsHolder
kotlinx.coroutines.flow.StateFlowImpl: java.lang.Object _state
androidx.recyclerview.widget.LinearLayoutManager$SavedState: android.os.Parcelable$Creator CREATOR
androidx.lifecycle.ReportFragment$LifecycleCallbacks: androidx.lifecycle.ReportFragment$LifecycleCallbacks$Companion Companion
com.google.android.material.timepicker.TimeModel: android.os.Parcelable$Creator CREATOR
androidx.fragment.app.FragmentManager$LaunchedFragmentInfo: android.os.Parcelable$Creator CREATOR
kotlinx.coroutines.scheduling.CoroutineScheduler$Worker: int workerCtl
androidx.coordinatorlayout.widget.CoordinatorLayout$SavedState: android.os.Parcelable$Creator CREATOR
androidx.lifecycle.Lifecycle$Event: androidx.lifecycle.Lifecycle$Event ON_START
androidx.fragment.app.BackStackState: android.os.Parcelable$Creator CREATOR
androidx.activity.result.IntentSenderRequest: android.os.Parcelable$Creator CREATOR
kotlinx.coroutines.internal.Segment: int cleanedAndPointers
com.google.android.material.internal.CheckableImageButton$SavedState: android.os.Parcelable$Creator CREATOR