app/build/outputs/mapping/release/usage.txt
com.zhuogui.firewall.MainActivity:
    private static final int VPN_REQUEST_CODE
com.zhuogui.firewall.R$color
com.zhuogui.firewall.R$drawable
com.zhuogui.firewall.R$id:
    public static int btnClear
    public static int btnDelete
    public static int fabAddRule
    public static int switchBlocked
    public static int tvCount
    public static int tvType
    private void <init>()
com.zhuogui.firewall.R$layout:
    public static int fragment_connections
    public static int fragment_rules
    public static int item_rule
    private void <init>()
com.zhuogui.firewall.R$menu:
    private void <init>()
com.zhuogui.firewall.R$mipmap
com.zhuogui.firewall.R$string
com.zhuogui.firewall.R$style
com.zhuogui.firewall.R
com.zhuogui.firewall.data.AppDatabase_Impl:
    public void clearAllTables()
com.zhuogui.firewall.data.dao.AppInfoDao:
    public abstract java.lang.Object delete(com.zhuogui.firewall.data.entity.AppInfo,kotlin.coroutines.Continuation)
    public abstract java.lang.Object getByPackage(java.lang.String,kotlin.coroutines.Continuation)
    public abstract java.lang.Object setNetworkType(java.lang.String,java.lang.Boolean,java.lang.Boolean,kotlin.coroutines.Continuation)
    public abstract java.lang.Object update(com.zhuogui.firewall.data.entity.AppInfo,kotlin.coroutines.Continuation)
com.zhuogui.firewall.data.dao.AppInfoDao_Impl$10
com.zhuogui.firewall.data.dao.AppInfoDao_Impl$13
com.zhuogui.firewall.data.dao.AppInfoDao_Impl$2:
    protected void bind(androidx.sqlite.db.SupportSQLiteStatement,com.zhuogui.firewall.data.entity.AppInfo)
    protected synthetic bridge void bind(androidx.sqlite.db.SupportSQLiteStatement,java.lang.Object)
com.zhuogui.firewall.data.dao.AppInfoDao_Impl$3:
    protected void bind(androidx.sqlite.db.SupportSQLiteStatement,com.zhuogui.firewall.data.entity.AppInfo)
    protected synthetic bridge void bind(androidx.sqlite.db.SupportSQLiteStatement,java.lang.Object)
com.zhuogui.firewall.data.dao.AppInfoDao_Impl$7
com.zhuogui.firewall.data.dao.AppInfoDao_Impl$8
com.zhuogui.firewall.data.dao.AppInfoDao_Impl:
    public java.lang.Object delete(com.zhuogui.firewall.data.entity.AppInfo,kotlin.coroutines.Continuation)
    public java.lang.Object getByPackage(java.lang.String,kotlin.coroutines.Continuation)
    public java.lang.Object setNetworkType(java.lang.String,java.lang.Boolean,java.lang.Boolean,kotlin.coroutines.Continuation)
    public java.lang.Object update(com.zhuogui.firewall.data.entity.AppInfo,kotlin.coroutines.Continuation)
com.zhuogui.firewall.data.dao.ConnectionLogDao:
    public abstract java.lang.Object deleteAll(kotlin.coroutines.Continuation)
    public abstract java.lang.Object deleteOlderThan(long,kotlin.coroutines.Continuation)
    public abstract kotlinx.coroutines.flow.Flow getRecentLogs()
com.zhuogui.firewall.data.dao.ConnectionLogDao_Impl$5
com.zhuogui.firewall.data.dao.ConnectionLogDao_Impl$6
com.zhuogui.firewall.data.dao.ConnectionLogDao_Impl$7
com.zhuogui.firewall.data.dao.ConnectionLogDao_Impl:
    public java.lang.Object deleteAll(kotlin.coroutines.Continuation)
    public java.lang.Object deleteOlderThan(long,kotlin.coroutines.Continuation)
    public kotlinx.coroutines.flow.Flow getRecentLogs()
com.zhuogui.firewall.data.dao.FirewallRuleDao:
    public abstract java.lang.Object delete(com.zhuogui.firewall.data.entity.FirewallRule,kotlin.coroutines.Continuation)
    public abstract java.lang.Object deleteById(long,kotlin.coroutines.Continuation)
    public abstract java.lang.Object getBlockRulesForPackage(java.lang.String,kotlin.coroutines.Continuation)
    public abstract kotlinx.coroutines.flow.Flow getRulesForPackage(java.lang.String)
    public abstract java.lang.Object update(com.zhuogui.firewall.data.entity.FirewallRule,kotlin.coroutines.Continuation)
com.zhuogui.firewall.data.dao.FirewallRuleDao_Impl$12
com.zhuogui.firewall.data.dao.FirewallRuleDao_Impl$13
...
androidx.transition.ViewGroupUtilsApi14$1
androidx.transition.ViewGroupUtilsApi14
androidx.transition.ViewOverlayApi14$OverlayViewGroup
androidx.transition.ViewOverlayApi14
androidx.transition.ViewOverlayApi18
androidx.transition.ViewOverlayImpl
androidx.transition.ViewUtils$1
androidx.transition.ViewUtils$2
androidx.transition.ViewUtils:
    public static final android.util.Property CLIP_BOUNDS
    public static androidx.appcompat.app.LayoutIncludeDetector getOverlay(android.view.ViewGroup)
    public static void setTransitionAlpha(android.view.View,float)
    public static void setTransitionVisibility(android.view.View,int)
androidx.transition.ViewUtilsApi19:
    static void <clinit>()
    public final void clearNonTransitionAlpha()
    public final void saveNonTransitionAlpha()
androidx.transition.ViewUtilsApi21:
    public static boolean sTryHiddenSetAnimationMatrix
    static void <clinit>()
androidx.transition.ViewUtilsApi22:
    static void <clinit>()
androidx.transition.ViewUtilsApi23:
    static void <clinit>()
androidx.transition.ViewUtilsBase
androidx.transition.Visibility$DisappearListener:
    public final void hideViewWhenNotCanceled()
androidx.transition.Visibility
androidx.transition.WindowIdApi14$$InternalSyntheticThrowCCEIfNotNull$404$346ba31081d848221d10738ffacfe8b42a1cf2bcc44a47580e10fd7ecc1dfab1$0
androidx.transition.WindowIdApi14
androidx.vectordrawable.graphics.drawable.AndroidResources:
    public static final int[] STYLEABLE_ANIMATOR
    public static final int[] STYLEABLE_ANIMATOR_SET
    public static final int[] STYLEABLE_KEYFRAME
    public static final int[] STYLEABLE_PATH_INTERPOLATOR
    public static final int[] STYLEABLE_PROPERTY_ANIMATOR
    public static final int[] STYLEABLE_PROPERTY_VALUES_HOLDER
androidx.vectordrawable.graphics.drawable.Animatable2Compat$AnimationCallback
androidx.vectordrawable.graphics.drawable.AnimatedVectorDrawableCompat$1
androidx.vectordrawable.graphics.drawable.AnimatedVectorDrawableCompat$2
androidx.vectordrawable.graphics.drawable.AnimatedVectorDrawableCompat$AnimatedVectorDrawableCompatState:
    public int mChangingConfigurations
    public final void setupAnimatorSet()
androidx.vectordrawable.graphics.drawable.AnimatedVectorDrawableCompat$AnimatedVectorDrawableDelegateState:
    private static int getChangingConfigurations$com$google$android$material$floatingactionbutton$BorderDrawable$BorderState()
androidx.vectordrawable.graphics.drawable.AnimatedVectorDrawableCompat:
    public android.animation.ArgbEvaluator mArgbEvaluator
    public androidx.vectordrawable.graphics.drawable.AnimatedVectorDrawableCompat$AnimatedVectorDrawableDelegateState mCachedConstantStateDelegate
    public static void registerAnimationCallback()
    public static void removeAnimatorSetListener()
    public static void setupAnimatorsForTarget()
    public final void setupColorAnimator(android.animation.Animator)
    public static boolean unregisterAnimationCallback()
androidx.vectordrawable.graphics.drawable.AnimationUtilsCompat
androidx.vectordrawable.graphics.drawable.AnimatorInflaterCompat$PathDataEvaluator
androidx.vectordrawable.graphics.drawable.AnimatorInflaterCompat
androidx.vectordrawable.graphics.drawable.ArgbEvaluator
androidx.vectordrawable.graphics.drawable.PathInterpolatorCompat
androidx.vectordrawable.graphics.drawable.VectorDrawableCompat$1
androidx.vectordrawable.graphics.drawable.VectorDrawableCompat$VClipPath:
    public final void inflate()
    public static void updateStateFromTypedArray$1()
androidx.vectordrawable.graphics.drawable.VectorDrawableCompat$VFullPath:
    public int[] mThemeAttrs
    public static android.graphics.Paint$Cap getStrokeLineCap()
    public static android.graphics.Paint$Join getStrokeLineJoin()
    public final void inflate()
    public static void updateStateFromTypedArray()